<?xml version="1.0" encoding="UTF-8"?>
<testng-results skipped="0" failed="0" ignored="0" total="1" passed="1">
  <reporter-output>
  </reporter-output>
  <suite name="Default suite" duration-ms="8519" started-at="2017-05-16T14:28:41Z" finished-at="2017-05-16T14:28:50Z">
    <groups>
    </groups>
    <test name="Default test" duration-ms="8519" started-at="2017-05-16T14:28:41Z" finished-at="2017-05-16T14:28:50Z">
      <class name="AutomationFramework.Main">
        <test-method status="PASS" signature="loginTest()[pri:0, instance:AutomationFramework.Main@4678c730]" name="loginTest" duration-ms="8502" started-at="2017-05-16T19:58:41Z" finished-at="2017-05-16T19:58:50Z">
          <reporter-output>
          </reporter-output>
        </test-method> <!-- loginTest -->
      </class> <!-- AutomationFramework.Main -->
    </test> <!-- Default test -->
  </suite> <!-- Default suite -->
</testng-results>
